[ 10%] [32mBuilding CXX object src/local_planner/CMakeFiles/local_planner.dir/local_path/local_path_planner.cpp.o[0m
[ 10%] [32mBuilding CXX object src/local_planner/CMakeFiles/local_planner.dir/local_path/local_path_smoother.cpp.o[0m
[ 20%] [32mBuilding CXX object src/local_planner/CMakeFiles/local_planner.dir/local_speeds/local_speeds_smoother.cpp.o[0m
[ 20%] [32mBuilding CXX object src/local_planner/CMakeFiles/local_planner.dir/local_speeds/local_speeds_planner.cpp.o[0m
[ 25%] [32mBuilding CXX object src/local_planner/CMakeFiles/local_planner.dir/local_trajectory_combiner.cpp.o[0m
[ 45%] Built target mathlibs
[ 55%] Built target decision_center
[ 60%] Built target config_reader
[ 70%] Built target global_planner
[ 85%] Built target planning_node
In file included from [01m[K/home/zhangxin/planning_with_ROS2_course/src/planning/src/local_planner/local_speeds/local_speeds_smoother.cpp:1[m[K:
[01m[K/home/zhangxin/planning_with_ROS2_course/src/planning/src/local_planner/local_speeds/local_speeds_smoother.h:4:10:[m[K [01;31m[Kfatal error: [m[Krclcpp/rclcpp.hpp: æ²¡æœ‰é‚£ä¸ªæ–‡ä»¶æˆ–ç›®å½•
    4 | #include [01;31m[K"rclcpp/rclcpp.hpp"[m[K
      |          [01;31m[K^~~~~~~~~~~~~~~~~~~[m[K
compilation terminated.
In file included from [01m[K/home/zhangxin/planning_with_ROS2_course/src/planning/src/local_planner/local_speeds/local_speeds_planner.cpp:1[m[K:
[01m[K/home/zhangxin/planning_with_ROS2_course/src/planning/src/local_planner/local_speeds/local_speeds_planner.h:4:10:[m[K [01;31m[Kfatal error: [m[Krclcpp/rclcpp.hpp: æ²¡æœ‰é‚£ä¸ªæ–‡ä»¶æˆ–ç›®å½•
    4 | #include [01;31m[K"rclcpp/rclcpp.hpp"[m[K
      |          [01;31m[K^~~~~~~~~~~~~~~~~~~[m[K
compilation terminated.
In file included from [01m[K/home/zhangxin/planning_with_ROS2_course/src/planning/src/local_planner/local_trajectory_combiner.cpp:1[m[K:
[01m[K/home/zhangxin/planning_with_ROS2_course/src/planning/src/local_planner/local_trajectory_combiner.h:4:10:[m[K [01;31m[Kfatal error: [m[Krclcpp/rclcpp.hpp: æ²¡æœ‰é‚£ä¸ªæ–‡ä»¶æˆ–ç›®å½•
    4 | #include [01;31m[K"rclcpp/rclcpp.hpp"[m[K
      |          [01;31m[K^~~~~~~~~~~~~~~~~~~[m[K
compilation terminated.
In file included from [01m[K/home/zhangxin/planning_with_ROS2_course/src/planning/src/local_planner/local_path/local_path_smoother.cpp:1[m[K:
[01m[K/home/zhangxin/planning_with_ROS2_course/src/planning/src/local_planner/local_path/local_path_smoother.h:4:10:[m[K [01;31m[Kfatal error: [m[Krclcpp/rclcpp.hpp: æ²¡æœ‰é‚£ä¸ªæ–‡ä»¶æˆ–ç›®å½•
    4 | #include [01;31m[K"rclcpp/rclcpp.hpp"[m[K
      |          [01;31m[K^~~~~~~~~~~~~~~~~~~[m[K
In file included from [01m[K/home/zhangxin/planning_with_ROS2_course/src/planning/src/local_planner/local_path/local_path_planner.cpp:1[m[K:
[01m[K/home/zhangxin/planning_with_ROS2_course/src/planning/src/local_planner/local_path/local_path_planner.h:4:10:[m[K [01;31m[Kfatal error: [m[Krclcpp/rclcpp.hpp: æ²¡æœ‰é‚£ä¸ªæ–‡ä»¶æˆ–ç›®å½•
    4 | #include [01;31m[K"rclcpp/rclcpp.hpp"[m[K
      |          [01;31m[K^~~~~~~~~~~~~~~~~~~[m[K
compilation terminated.
compilation terminated.
gmake[2]: *** [src/local_planner/CMakeFiles/local_planner.dir/build.make:118ï¼šsrc/local_planner/CMakeFiles/local_planner.dir/local_speeds/local_speeds_smoother.cpp.o] é”™è¯¯ 1
gmake[2]: *** æ­£åœ¨ç­‰å¾…æœªå®Œæˆçš„ä»»åŠ¡....
gmake[2]: *** [src/local_planner/CMakeFiles/local_planner.dir/build.make:104ï¼šsrc/local_planner/CMakeFiles/local_planner.dir/local_speeds/local_speeds_planner.cpp.o] é”™è¯¯ 1
gmake[2]: *** [src/local_planner/CMakeFiles/local_planner.dir/build.make:132ï¼šsrc/local_planner/CMakeFiles/local_planner.dir/local_trajectory_combiner.cpp.o] é”™è¯¯ 1
gmake[2]: *** [src/local_planner/CMakeFiles/local_planner.dir/build.make:76ï¼šsrc/local_planner/CMakeFiles/local_planner.dir/local_path/local_path_planner.cpp.o] é”™è¯¯ 1
gmake[2]: *** [src/local_planner/CMakeFiles/local_planner.dir/build.make:90ï¼šsrc/local_planner/CMakeFiles/local_planner.dir/local_path/local_path_smoother.cpp.o] é”™è¯¯ 1
gmake[1]: *** [CMakeFiles/Makefile2:431ï¼šsrc/local_planner/CMakeFiles/local_planner.dir/all] é”™è¯¯ 2
gmake[1]: *** æ­£åœ¨ç­‰å¾…æœªå®Œæˆçš„ä»»åŠ¡....
[ 95%] Built target global_path_server
gmake: *** [Makefile:146ï¼šall] é”™è¯¯ 2
