[0.222s] Invoking command in '/home/zhangxin/planning_with_ROS2_course/build/planning': CMAKE_PREFIX_PATH=/home/zhangxin/planning_with_ROS2_course/install/base_msgs:/home/zhangxin/planning_with_ROS2_course/install/planning:/home/zhangxin/planning_with_ROS2_course/install/data_plot:/opt/ros/humble /usr/local/bin/cmake --build /home/zhangxin/planning_with_ROS2_course/build/planning -- -j16 -l16
[0.237s] -- Found ament_cmake: 1.3.12 (/opt/ros/humble/share/ament_cmake/cmake)
[0.446s] -- Found rclcpp: 16.0.14 (/opt/ros/humble/share/rclcpp/cmake)
[0.479s] -- Found rosidl_generator_c: 3.1.7 (/opt/ros/humble/share/rosidl_generator_c/cmake)
[0.481s] -- Found rosidl_adapter: 3.1.7 (/opt/ros/humble/share/rosidl_adapter/cmake)
[0.488s] -- Found rosidl_generator_cpp: 3.1.7 (/opt/ros/humble/share/rosidl_generator_cpp/cmake)
[0.499s] -- Using all available rosidl_typesupport_c: rosidl_typesupport_fastrtps_c;rosidl_typesupport_introspection_c
[0.513s] -- Using all available rosidl_typesupport_cpp: rosidl_typesupport_fastrtps_cpp;rosidl_typesupport_introspection_cpp
[0.553s] -- Found rmw_implementation_cmake: 6.1.2 (/opt/ros/humble/share/rmw_implementation_cmake/cmake)
[0.555s] -- Found rmw_fastrtps_cpp: 6.2.8 (/opt/ros/humble/share/rmw_fastrtps_cpp/cmake)
[0.672s] -- Using RMW implementation 'rmw_fastrtps_cpp' as default
[0.732s] -- Found tf2: 0.25.16 (/opt/ros/humble/share/tf2/cmake)
[0.754s] -- Found tf2_ros: 0.25.16 (/opt/ros/humble/share/tf2_ros/cmake)
[0.858s] -- Found nav_msgs: 4.9.0 (/opt/ros/humble/share/nav_msgs/cmake)
[0.882s] -- Found visualization_msgs: 4.9.0 (/opt/ros/humble/share/visualization_msgs/cmake)
[0.932s] -- Found base_msgs: 0.0.0 (/home/zhangxin/planning_with_ROS2_course/install/base_msgs/share/base_msgs/cmake)
[1.013s] -- Configuring done (0.8s)
[1.046s] -- Generating done (0.0s)
[1.058s] -- Build files have been written to: /home/zhangxin/planning_with_ROS2_course/build/planning
[1.084s] [ 12%] [32mBuilding CXX object src/common/CMakeFiles/config_reader.dir/config_reader/config_reader.cpp.o[0m
[1.085s] [ 25%] [32mBuilding CXX object src/common/CMakeFiles/mathlibs.dir/math/curve.cpp.o[0m
[1.085s] [ 37%] [32mBuilding CXX object src/common/CMakeFiles/mathlibs.dir/math/polynomial_curve.cpp.o[0m
[1.098s] [ 50%] [32mBuilding CXX object src/planning_process/CMakeFiles/planning_node.dir/planning_node.cpp.o[0m
[1.099s] [ 62%] [32mBuilding CXX object src/planning_process/CMakeFiles/planning_node.dir/planning_process.cpp.o[0m
[3.635s] [01m[K/home/zhangxin/planning_with_ROS2_course/src/planning/src/common/config_reader/config_reader.cpp:5:32:[m[K [01;31m[Kerror: [m[Kdefinition of â€˜[01m[K{anonymous}::ConfigReader::ConfigReader()[m[Kâ€™ is not in namespace enclosing â€˜[01m[K{anonymous}::ConfigReader[m[Kâ€™ [[01;31m[K]8;;https://gcc.gnu.org/onlinedocs/gcc/Warning-Options.html#index-fpermissive-fpermissive]8;;[m[K]
[3.635s]     5 |     ConfigReader::ConfigReader([01;31m[K)[m[K  // é…ç½®æ–‡ä»¶è¯»å–å™¨
[3.635s]       |                                [01;31m[K^[m[K
[4.087s] [ 75%] [32m[1mLinking CXX shared library libmathlibs.so[0m
[4.093s] [01m[K/home/zhangxin/planning_with_ROS2_course/src/planning/src/common/config_reader/config_reader.cpp:5:5:[m[K [01;35m[Kwarning: [m[Kâ€˜[01m[K{anonymous}::ConfigReader::ConfigReader()[m[Kâ€™ defined but not used [[01;35m[K]8;;https://gcc.gnu.org/onlinedocs/gcc/Warning-Options.html#index-Wunused-function-Wunused-function]8;;[m[K]
[4.094s]     5 |     [01;35m[KConfigReader[m[K::ConfigReader()  // é…ç½®æ–‡ä»¶è¯»å–å™¨
[4.094s]       |     [01;35m[K^~~~~~~~~~~~[m[K
[4.138s] gmake[2]: *** [src/common/CMakeFiles/config_reader.dir/build.make:76ï¼šsrc/common/CMakeFiles/config_reader.dir/config_reader/config_reader.cpp.o] é”™è¯¯ 1
[4.138s] gmake[1]: *** [CMakeFiles/Makefile2:298ï¼šsrc/common/CMakeFiles/config_reader.dir/all] é”™è¯¯ 2
[4.138s] gmake[1]: *** æ­£åœ¨ç­‰å¾…æœªå®Œæˆçš„ä»»åŠ¡....
[4.163s] [ 87%] [32m[1mLinking CXX executable planning_node[0m
[4.235s] [ 87%] Built target mathlibs
[4.305s] [ 87%] Built target planning_node
[4.307s] gmake: *** [Makefile:146ï¼šall] é”™è¯¯ 2
[4.309s] Invoked command in '/home/zhangxin/planning_with_ROS2_course/build/planning' returned '2': CMAKE_PREFIX_PATH=/home/zhangxin/planning_with_ROS2_course/install/base_msgs:/home/zhangxin/planning_with_ROS2_course/install/planning:/home/zhangxin/planning_with_ROS2_course/install/data_plot:/opt/ros/humble /usr/local/bin/cmake --build /home/zhangxin/planning_with_ROS2_course/build/planning -- -j16 -l16
