-- Found ament_cmake: 1.3.12 (/opt/ros/humble/share/ament_cmake/cmake)
-- Found rclcpp: 16.0.14 (/opt/ros/humble/share/rclcpp/cmake)
-- Found rosidl_generator_c: 3.1.7 (/opt/ros/humble/share/rosidl_generator_c/cmake)
-- Found rosidl_adapter: 3.1.7 (/opt/ros/humble/share/rosidl_adapter/cmake)
-- Found rosidl_generator_cpp: 3.1.7 (/opt/ros/humble/share/rosidl_generator_cpp/cmake)
-- Using all available rosidl_typesupport_c: rosidl_typesupport_fastrtps_c;rosidl_typesupport_introspection_c
-- Using all available rosidl_typesupport_cpp: rosidl_typesupport_fastrtps_cpp;rosidl_typesupport_introspection_cpp
-- Found rmw_implementation_cmake: 6.1.2 (/opt/ros/humble/share/rmw_implementation_cmake/cmake)
-- Found rmw_fastrtps_cpp: 6.2.8 (/opt/ros/humble/share/rmw_fastrtps_cpp/cmake)
-- Using RMW implementation 'rmw_fastrtps_cpp' as default
-- Found tf2: 0.25.16 (/opt/ros/humble/share/tf2/cmake)
-- Found tf2_ros: 0.25.16 (/opt/ros/humble/share/tf2_ros/cmake)
-- Found nav_msgs: 4.9.0 (/opt/ros/humble/share/nav_msgs/cmake)
-- Found visualization_msgs: 4.9.0 (/opt/ros/humble/share/visualization_msgs/cmake)
-- Found base_msgs: 0.0.0 (/home/zhangxin/planning_with_ROS2_course/install/base_msgs/share/base_msgs/cmake)
-- Configuring done (0.8s)
-- Generating done (0.0s)
-- Build files have been written to: /home/zhangxin/planning_with_ROS2_course/build/planning
[ 10%] [32mBuilding CXX object src/local_planner/CMakeFiles/local_planner.dir/local_path/local_path_planner.cpp.o[0m
[ 10%] [32mBuilding CXX object src/local_planner/CMakeFiles/local_planner.dir/local_path/local_path_smoother.cpp.o[0m
[ 20%] [32mBuilding CXX object src/local_planner/CMakeFiles/local_planner.dir/local_speeds/local_speeds_smoother.cpp.o[0m
[ 20%] [32mBuilding CXX object src/local_planner/CMakeFiles/local_planner.dir/local_speeds/local_speeds_planner.cpp.o[0m
[ 25%] [32mBuilding CXX object src/local_planner/CMakeFiles/local_planner.dir/local_trajectory_combiner.cpp.o[0m
[ 35%] Built target config_reader
In file included from [01m[K/home/zhangxin/planning_with_ROS2_course/src/planning/src/local_planner/local_speeds/local_speeds_smoother.cpp:1[m[K:
[01m[K/home/zhangxin/planning_with_ROS2_course/src/planning/src/local_planner/local_speeds/local_speeds_smoother.h:4:10:[m[K [01;31m[Kfatal error: [m[Krclcpp/rclcpp.hpp: æ²¡æœ‰é‚£ä¸ªæ–‡ä»¶æˆ–ç›®å½•
    4 | #include [01;31m[K"rclcpp/rclcpp.hpp"[m[K
      |          [01;31m[K^~~~~~~~~~~~~~~~~~~[m[K
compilation terminated.
[ 45%] Built target decision_center
In file included from [01m[K/home/zhangxin/planning_with_ROS2_course/src/planning/src/local_planner/local_path/local_path_smoother.cpp:1[m[K:
[01m[K/home/zhangxin/planning_with_ROS2_course/src/planning/src/local_planner/local_path/local_path_smoother.h:4:10:[m[K [01;31m[Kfatal error: [m[Krclcpp/rclcpp.hpp: æ²¡æœ‰é‚£ä¸ªæ–‡ä»¶æˆ–ç›®å½•
    4 | #include [01;31m[K"rclcpp/rclcpp.hpp"[m[K
      |          [01;31m[K^~~~~~~~~~~~~~~~~~~[m[K
In file included from [01m[K/home/zhangxin/planning_with_ROS2_course/src/planning/src/local_planner/local_path/local_path_planner.cpp:1[m[K:
[01m[K/home/zhangxin/planning_with_ROS2_course/src/planning/src/local_planner/local_path/local_path_planner.h:4:10:[m[K [01;31m[Kfatal error: [m[Krclcpp/rclcpp.hpp: æ²¡æœ‰é‚£ä¸ªæ–‡ä»¶æˆ–ç›®å½•
    4 | #include [01;31m[K"rclcpp/rclcpp.hpp"[m[K
      |          [01;31m[K^~~~~~~~~~~~~~~~~~~[m[K
compilation terminated.
compilation terminated.
In file included from [01m[K/home/zhangxin/planning_with_ROS2_course/src/planning/src/local_planner/local_trajectory_combiner.cpp:1[m[K:
[01m[K/home/zhangxin/planning_with_ROS2_course/src/planning/src/local_planner/local_trajectory_combiner.h:4:10:[m[K [01;31m[Kfatal error: [m[Krclcpp/rclcpp.hpp: æ²¡æœ‰é‚£ä¸ªæ–‡ä»¶æˆ–ç›®å½•
    4 | #include [01;31m[K"rclcpp/rclcpp.hpp"[m[K
      |          [01;31m[K^~~~~~~~~~~~~~~~~~~[m[K
compilation terminated.
In file included from [01m[K/home/zhangxin/planning_with_ROS2_course/src/planning/src/local_planner/local_speeds/local_speeds_planner.cpp:1[m[K:
[01m[K/home/zhangxin/planning_with_ROS2_course/src/planning/src/local_planner/local_speeds/local_speeds_planner.h:4:10:[m[K [01;31m[Kfatal error: [m[Krclcpp/rclcpp.hpp: æ²¡æœ‰é‚£ä¸ªæ–‡ä»¶æˆ–ç›®å½•
    4 | #include [01;31m[K"rclcpp/rclcpp.hpp"[m[K
      |          [01;31m[K^~~~~~~~~~~~~~~~~~~[m[K
compilation terminated.
[ 55%] Built target global_planner
gmake[2]: *** [src/local_planner/CMakeFiles/local_planner.dir/build.make:118ï¼šsrc/local_planner/CMakeFiles/local_planner.dir/local_speeds/local_speeds_smoother.cpp.o] é”™è¯¯ 1
gmake[2]: *** æ­£åœ¨ç­‰å¾…æœªå®Œæˆçš„ä»»åŠ¡....
gmake[2]: *** [src/local_planner/CMakeFiles/local_planner.dir/build.make:76ï¼šsrc/local_planner/CMakeFiles/local_planner.dir/local_path/local_path_planner.cpp.o] é”™è¯¯ 1
gmake[2]: *** [src/local_planner/CMakeFiles/local_planner.dir/build.make:132ï¼šsrc/local_planner/CMakeFiles/local_planner.dir/local_trajectory_combiner.cpp.o] é”™è¯¯ 1
gmake[2]: *** [src/local_planner/CMakeFiles/local_planner.dir/build.make:90ï¼šsrc/local_planner/CMakeFiles/local_planner.dir/local_path/local_path_smoother.cpp.o] é”™è¯¯ 1
gmake[2]: *** [src/local_planner/CMakeFiles/local_planner.dir/build.make:104ï¼šsrc/local_planner/CMakeFiles/local_planner.dir/local_speeds/local_speeds_planner.cpp.o] é”™è¯¯ 1
gmake[1]: *** [CMakeFiles/Makefile2:431ï¼šsrc/local_planner/CMakeFiles/local_planner.dir/all] é”™è¯¯ 2
gmake[1]: *** æ­£åœ¨ç­‰å¾…æœªå®Œæˆçš„ä»»åŠ¡....
[ 70%] Built target mathlibs
[ 85%] Built target planning_node
[ 95%] Built target global_path_server
gmake: *** [Makefile:146ï¼šall] é”™è¯¯ 2
