[0.232s] Invoking command in '/home/zhangxin/planning_with_ROS2_course/build/planning': CMAKE_PREFIX_PATH=/home/zhangxin/planning_with_ROS2_course/install/base_msgs:/home/zhangxin/planning_with_ROS2_course/install/planning:/home/zhangxin/planning_with_ROS2_course/install/data_plot:/opt/ros/humble /usr/local/bin/cmake --build /home/zhangxin/planning_with_ROS2_course/build/planning -- -j16 -l16
[0.245s] -- Found ament_cmake: 1.3.12 (/opt/ros/humble/share/ament_cmake/cmake)
[0.442s] -- Found rclcpp: 16.0.14 (/opt/ros/humble/share/rclcpp/cmake)
[0.475s] -- Found rosidl_generator_c: 3.1.7 (/opt/ros/humble/share/rosidl_generator_c/cmake)
[0.478s] -- Found rosidl_adapter: 3.1.7 (/opt/ros/humble/share/rosidl_adapter/cmake)
[0.485s] -- Found rosidl_generator_cpp: 3.1.7 (/opt/ros/humble/share/rosidl_generator_cpp/cmake)
[0.496s] -- Using all available rosidl_typesupport_c: rosidl_typesupport_fastrtps_c;rosidl_typesupport_introspection_c
[0.512s] -- Using all available rosidl_typesupport_cpp: rosidl_typesupport_fastrtps_cpp;rosidl_typesupport_introspection_cpp
[0.552s] -- Found rmw_implementation_cmake: 6.1.2 (/opt/ros/humble/share/rmw_implementation_cmake/cmake)
[0.554s] -- Found rmw_fastrtps_cpp: 6.2.8 (/opt/ros/humble/share/rmw_fastrtps_cpp/cmake)
[0.680s] -- Using RMW implementation 'rmw_fastrtps_cpp' as default
[0.748s] -- Found tf2: 0.25.16 (/opt/ros/humble/share/tf2/cmake)
[0.771s] -- Found tf2_ros: 0.25.16 (/opt/ros/humble/share/tf2_ros/cmake)
[0.884s] -- Found nav_msgs: 4.9.0 (/opt/ros/humble/share/nav_msgs/cmake)
[0.908s] -- Found visualization_msgs: 4.9.0 (/opt/ros/humble/share/visualization_msgs/cmake)
[0.964s] -- Found base_msgs: 0.0.0 (/home/zhangxin/planning_with_ROS2_course/install/base_msgs/share/base_msgs/cmake)
[1.049s] -- Configuring done (0.8s)
[1.098s] -- Generating done (0.0s)
[1.113s] -- Build files have been written to: /home/zhangxin/planning_with_ROS2_course/build/planning
[1.140s] [ 10%] [32mBuilding CXX object src/local_planner/CMakeFiles/local_planner.dir/local_path/local_path_planner.cpp.o[0m
[1.140s] [ 10%] [32mBuilding CXX object src/local_planner/CMakeFiles/local_planner.dir/local_path/local_path_smoother.cpp.o[0m
[1.141s] [ 20%] [32mBuilding CXX object src/local_planner/CMakeFiles/local_planner.dir/local_speeds/local_speeds_smoother.cpp.o[0m
[1.141s] [ 20%] [32mBuilding CXX object src/local_planner/CMakeFiles/local_planner.dir/local_speeds/local_speeds_planner.cpp.o[0m
[1.141s] [ 25%] [32mBuilding CXX object src/local_planner/CMakeFiles/local_planner.dir/local_trajectory_combiner.cpp.o[0m
[1.152s] [ 35%] Built target config_reader
[1.153s] In file included from [01m[K/home/zhangxin/planning_with_ROS2_course/src/planning/src/local_planner/local_speeds/local_speeds_smoother.cpp:1[m[K:
[1.153s] [01m[K/home/zhangxin/planning_with_ROS2_course/src/planning/src/local_planner/local_speeds/local_speeds_smoother.h:4:10:[m[K [01;31m[Kfatal error: [m[Krclcpp/rclcpp.hpp: æ²¡æœ‰é‚£ä¸ªæ–‡ä»¶æˆ–ç›®å½•
[1.153s]     4 | #include [01;31m[K"rclcpp/rclcpp.hpp"[m[K
[1.153s]       |          [01;31m[K^~~~~~~~~~~~~~~~~~~[m[K
[1.153s] compilation terminated.
[1.153s] [ 45%] Built target decision_center
[1.154s] In file included from [01m[K/home/zhangxin/planning_with_ROS2_course/src/planning/src/local_planner/local_path/local_path_smoother.cpp:1[m[K:
[1.154s] [01m[K/home/zhangxin/planning_with_ROS2_course/src/planning/src/local_planner/local_path/local_path_smoother.h:4:10:[m[K [01;31m[Kfatal error: [m[Krclcpp/rclcpp.hpp: æ²¡æœ‰é‚£ä¸ªæ–‡ä»¶æˆ–ç›®å½•
[1.154s]     4 | #include [01;31m[K"rclcpp/rclcpp.hpp"[m[K
[1.154s]       |          [01;31m[K^~~~~~~~~~~~~~~~~~~[m[K
[1.154s] In file included from [01m[K/home/zhangxin/planning_with_ROS2_course/src/planning/src/local_planner/local_path/local_path_planner.cpp:1[m[K:
[1.154s] [01m[K/home/zhangxin/planning_with_ROS2_course/src/planning/src/local_planner/local_path/local_path_planner.h:4:10:[m[K [01;31m[Kfatal error: [m[Krclcpp/rclcpp.hpp: æ²¡æœ‰é‚£ä¸ªæ–‡ä»¶æˆ–ç›®å½•
[1.154s]     4 | #include [01;31m[K"rclcpp/rclcpp.hpp"[m[K
[1.154s]       |          [01;31m[K^~~~~~~~~~~~~~~~~~~[m[K
[1.154s] compilation terminated.
[1.154s] compilation terminated.
[1.154s] In file included from [01m[K/home/zhangxin/planning_with_ROS2_course/src/planning/src/local_planner/local_trajectory_combiner.cpp:1[m[K:
[1.154s] [01m[K/home/zhangxin/planning_with_ROS2_course/src/planning/src/local_planner/local_trajectory_combiner.h:4:10:[m[K [01;31m[Kfatal error: [m[Krclcpp/rclcpp.hpp: æ²¡æœ‰é‚£ä¸ªæ–‡ä»¶æˆ–ç›®å½•
[1.155s]     4 | #include [01;31m[K"rclcpp/rclcpp.hpp"[m[K
[1.155s]       |          [01;31m[K^~~~~~~~~~~~~~~~~~~[m[K
[1.155s] compilation terminated.
[1.155s] In file included from [01m[K/home/zhangxin/planning_with_ROS2_course/src/planning/src/local_planner/local_speeds/local_speeds_planner.cpp:1[m[K:
[1.155s] [01m[K/home/zhangxin/planning_with_ROS2_course/src/planning/src/local_planner/local_speeds/local_speeds_planner.h:4:10:[m[K [01;31m[Kfatal error: [m[Krclcpp/rclcpp.hpp: æ²¡æœ‰é‚£ä¸ªæ–‡ä»¶æˆ–ç›®å½•
[1.155s]     4 | #include [01;31m[K"rclcpp/rclcpp.hpp"[m[K
[1.155s]       |          [01;31m[K^~~~~~~~~~~~~~~~~~~[m[K
[1.155s] compilation terminated.
[1.156s] [ 55%] Built target global_planner
[1.156s] gmake[2]: *** [src/local_planner/CMakeFiles/local_planner.dir/build.make:118ï¼šsrc/local_planner/CMakeFiles/local_planner.dir/local_speeds/local_speeds_smoother.cpp.o] é”™è¯¯ 1
[1.156s] gmake[2]: *** æ­£åœ¨ç­‰å¾…æœªå®Œæˆçš„ä»»åŠ¡....
[1.156s] gmake[2]: *** [src/local_planner/CMakeFiles/local_planner.dir/build.make:76ï¼šsrc/local_planner/CMakeFiles/local_planner.dir/local_path/local_path_planner.cpp.o] é”™è¯¯ 1
[1.156s] gmake[2]: *** [src/local_planner/CMakeFiles/local_planner.dir/build.make:132ï¼šsrc/local_planner/CMakeFiles/local_planner.dir/local_trajectory_combiner.cpp.o] é”™è¯¯ 1
[1.156s] gmake[2]: *** [src/local_planner/CMakeFiles/local_planner.dir/build.make:90ï¼šsrc/local_planner/CMakeFiles/local_planner.dir/local_path/local_path_smoother.cpp.o] é”™è¯¯ 1
[1.156s] gmake[2]: *** [src/local_planner/CMakeFiles/local_planner.dir/build.make:104ï¼šsrc/local_planner/CMakeFiles/local_planner.dir/local_speeds/local_speeds_planner.cpp.o] é”™è¯¯ 1
[1.156s] gmake[1]: *** [CMakeFiles/Makefile2:431ï¼šsrc/local_planner/CMakeFiles/local_planner.dir/all] é”™è¯¯ 2
[1.156s] gmake[1]: *** æ­£åœ¨ç­‰å¾…æœªå®Œæˆçš„ä»»åŠ¡....
[1.156s] [ 70%] Built target mathlibs
[1.160s] [ 85%] Built target planning_node
[1.174s] [ 95%] Built target global_path_server
[1.175s] gmake: *** [Makefile:146ï¼šall] é”™è¯¯ 2
[1.177s] Invoked command in '/home/zhangxin/planning_with_ROS2_course/build/planning' returned '2': CMAKE_PREFIX_PATH=/home/zhangxin/planning_with_ROS2_course/install/base_msgs:/home/zhangxin/planning_with_ROS2_course/install/planning:/home/zhangxin/planning_with_ROS2_course/install/data_plot:/opt/ros/humble /usr/local/bin/cmake --build /home/zhangxin/planning_with_ROS2_course/build/planning -- -j16 -l16
