[0.236s] Invoking command in '/home/zhangxin/planning_with_ROS2_course/build/planning': CMAKE_PREFIX_PATH=/home/zhangxin/planning_with_ROS2_course/install/base_msgs:/home/zhangxin/planning_with_ROS2_course/install/planning:/home/zhangxin/planning_with_ROS2_course/install/data_plot:/opt/ros/humble /usr/local/bin/cmake --build /home/zhangxin/planning_with_ROS2_course/build/planning -- -j16 -l16
[0.263s] [  5%] [32mBuilding CXX object src/local_planner/CMakeFiles/local_planner.dir/local_path/local_path_planner.cpp.o[0m
[0.263s] [ 20%] [32mBuilding CXX object src/local_planner/CMakeFiles/local_planner.dir/local_speeds/local_speeds_planner.cpp.o[0m
[0.263s] [ 20%] [32mBuilding CXX object src/local_planner/CMakeFiles/local_planner.dir/local_path/local_path_smoother.cpp.o[0m
[0.263s] [ 20%] [32mBuilding CXX object src/local_planner/CMakeFiles/local_planner.dir/local_speeds/local_speeds_smoother.cpp.o[0m
[0.264s] [ 25%] [32mBuilding CXX object src/local_planner/CMakeFiles/local_planner.dir/local_trajectory_combiner.cpp.o[0m
[0.268s] [ 45%] Built target decision_center
[0.268s] [ 45%] Built target config_reader
[0.269s] [ 55%] Built target global_planner
[0.272s] [ 70%] Built target mathlibs
[0.274s] [ 85%] Built target planning_node
[0.276s] In file included from [01m[K/home/zhangxin/planning_with_ROS2_course/src/planning/src/local_planner/local_speeds/local_speeds_smoother.cpp:1[m[K:
[0.276s] [01m[K/home/zhangxin/planning_with_ROS2_course/src/planning/src/local_planner/local_speeds/local_speeds_smoother.h:4:10:[m[K [01;31m[Kfatal error: [m[Krclcpp/rclcpp.hpp: æ²¡æœ‰é‚£ä¸ªæ–‡ä»¶æˆ–ç›®å½•
[0.276s]     4 | #include [01;31m[K"rclcpp/rclcpp.hpp"[m[K
[0.276s]       |          [01;31m[K^~~~~~~~~~~~~~~~~~~[m[K
[0.277s] In file included from [01m[K/home/zhangxin/planning_with_ROS2_course/src/planning/src/local_planner/local_trajectory_combiner.cpp:1[m[K:
[0.277s] [01m[K/home/zhangxin/planning_with_ROS2_course/src/planning/src/local_planner/local_trajectory_combiner.h:4:10:[m[K [01;31m[Kfatal error: [m[Krclcpp/rclcpp.hpp: æ²¡æœ‰é‚£ä¸ªæ–‡ä»¶æˆ–ç›®å½•
[0.277s]     4 | #include [01;31m[K"rclcpp/rclcpp.hpp"[m[K
[0.277s]       |          [01;31m[K^~~~~~~~~~~~~~~~~~~[m[K
[0.277s] compilation terminated.
[0.277s] compilation terminated.
[0.277s] In file included from [01m[K/home/zhangxin/planning_with_ROS2_course/src/planning/src/local_planner/local_path/local_path_smoother.cpp:1[m[K:
[0.277s] [01m[K/home/zhangxin/planning_with_ROS2_course/src/planning/src/local_planner/local_path/local_path_smoother.h:4:10:[m[K [01;31m[Kfatal error: [m[Krclcpp/rclcpp.hpp: æ²¡æœ‰é‚£ä¸ªæ–‡ä»¶æˆ–ç›®å½•
[0.277s]     4 | #include [01;31m[K"rclcpp/rclcpp.hpp"[m[K
[0.277s]       |          [01;31m[K^~~~~~~~~~~~~~~~~~~[m[K
[0.277s] compilation terminated.
[0.277s] In file included from [01m[K/home/zhangxin/planning_with_ROS2_course/src/planning/src/local_planner/local_speeds/local_speeds_planner.cpp:1[m[K:
[0.277s] [01m[K/home/zhangxin/planning_with_ROS2_course/src/planning/src/local_planner/local_speeds/local_speeds_planner.h:4:10:[m[K [01;31m[Kfatal error: [m[Krclcpp/rclcpp.hpp: æ²¡æœ‰é‚£ä¸ªæ–‡ä»¶æˆ–ç›®å½•
[0.277s]     4 | #include [01;31m[K"rclcpp/rclcpp.hpp"[m[K
[0.278s]       |          [01;31m[K^~~~~~~~~~~~~~~~~~~[m[K
[0.278s] In file included from [01m[K/home/zhangxin/planning_with_ROS2_course/src/planning/src/local_planner/local_path/local_path_planner.cpp:1[m[K:
[0.278s] [01m[K/home/zhangxin/planning_with_ROS2_course/src/planning/src/local_planner/local_path/local_path_planner.h:4:10:[m[K [01;31m[Kfatal error: [m[Krclcpp/rclcpp.hpp: æ²¡æœ‰é‚£ä¸ªæ–‡ä»¶æˆ–ç›®å½•
[0.278s]     4 | #include [01;31m[K"rclcpp/rclcpp.hpp"[m[K
[0.278s]       |          [01;31m[K^~~~~~~~~~~~~~~~~~~[m[K
[0.278s] compilation terminated.
[0.278s] compilation terminated.
[0.278s] gmake[2]: *** [src/local_planner/CMakeFiles/local_planner.dir/build.make:118ï¼šsrc/local_planner/CMakeFiles/local_planner.dir/local_speeds/local_speeds_smoother.cpp.o] é”™è¯¯ 1
[0.278s] gmake[2]: *** æ­£åœ¨ç­‰å¾…æœªå®Œæˆçš„ä»»åŠ¡....
[0.278s] gmake[2]: *** [src/local_planner/CMakeFiles/local_planner.dir/build.make:132ï¼šsrc/local_planner/CMakeFiles/local_planner.dir/local_trajectory_combiner.cpp.o] é”™è¯¯ 1
[0.278s] gmake[2]: *** [src/local_planner/CMakeFiles/local_planner.dir/build.make:90ï¼šsrc/local_planner/CMakeFiles/local_planner.dir/local_path/local_path_smoother.cpp.o] é”™è¯¯ 1
[0.279s] gmake[2]: *** [src/local_planner/CMakeFiles/local_planner.dir/build.make:76ï¼šsrc/local_planner/CMakeFiles/local_planner.dir/local_path/local_path_planner.cpp.o] é”™è¯¯ 1
[0.279s] gmake[2]: *** [src/local_planner/CMakeFiles/local_planner.dir/build.make:104ï¼šsrc/local_planner/CMakeFiles/local_planner.dir/local_speeds/local_speeds_planner.cpp.o] é”™è¯¯ 1
[0.279s] gmake[1]: *** [CMakeFiles/Makefile2:431ï¼šsrc/local_planner/CMakeFiles/local_planner.dir/all] é”™è¯¯ 2
[0.279s] gmake[1]: *** æ­£åœ¨ç­‰å¾…æœªå®Œæˆçš„ä»»åŠ¡....
[0.287s] [ 95%] Built target global_path_server
[0.288s] gmake: *** [Makefile:146ï¼šall] é”™è¯¯ 2
[0.290s] Invoked command in '/home/zhangxin/planning_with_ROS2_course/build/planning' returned '2': CMAKE_PREFIX_PATH=/home/zhangxin/planning_with_ROS2_course/install/base_msgs:/home/zhangxin/planning_with_ROS2_course/install/planning:/home/zhangxin/planning_with_ROS2_course/install/data_plot:/opt/ros/humble /usr/local/bin/cmake --build /home/zhangxin/planning_with_ROS2_course/build/planning -- -j16 -l16
