[0.243s] Invoking command in '/home/zhangxin/planning_with_ROS2_course/build/planning': CMAKE_PREFIX_PATH=/home/zhangxin/planning_with_ROS2_course/install/base_msgs:/home/zhangxin/planning_with_ROS2_course/install/planning:/home/zhangxin/planning_with_ROS2_course/install/data_plot:/opt/ros/humble /usr/local/bin/cmake --build /home/zhangxin/planning_with_ROS2_course/build/planning -- -j16 -l16
[0.279s] [ 12%] [32mBuilding CXX object src/common/CMakeFiles/config_reader.dir/config_reader/config_reader.cpp.o[0m
[0.280s] [ 50%] Built target mathlibs
[0.282s] [ 87%] Built target planning_node
[2.606s] [01m[K/home/zhangxin/planning_with_ROS2_course/src/planning/src/common/config_reader/config_reader.cpp:5:32:[m[K [01;31m[Kerror: [m[Kdefinition of â€˜[01m[K{anonymous}::ConfigReader::ConfigReader()[m[Kâ€™ is not in namespace enclosing â€˜[01m[K{anonymous}::ConfigReader[m[Kâ€™ [[01;31m[K]8;;https://gcc.gnu.org/onlinedocs/gcc/Warning-Options.html#index-fpermissive-fpermissive]8;;[m[K]
[2.606s]     5 |     ConfigReader::ConfigReader([01;31m[K)[m[K  // é…ç½®æ–‡ä»¶è¯»å–å™¨
[2.606s]       |                                [01;31m[K^[m[K
[3.021s] [01m[K/home/zhangxin/planning_with_ROS2_course/src/planning/src/common/config_reader/config_reader.cpp:5:5:[m[K [01;35m[Kwarning: [m[Kâ€˜[01m[K{anonymous}::ConfigReader::ConfigReader()[m[Kâ€™ defined but not used [[01;35m[K]8;;https://gcc.gnu.org/onlinedocs/gcc/Warning-Options.html#index-Wunused-function-Wunused-function]8;;[m[K]
[3.021s]     5 |     [01;35m[KConfigReader[m[K::ConfigReader()  // é…ç½®æ–‡ä»¶è¯»å–å™¨
[3.021s]       |     [01;35m[K^~~~~~~~~~~~[m[K
[3.058s] gmake[2]: *** [src/common/CMakeFiles/config_reader.dir/build.make:76ï¼šsrc/common/CMakeFiles/config_reader.dir/config_reader/config_reader.cpp.o] é”™è¯¯ 1
[3.058s] gmake[1]: *** [CMakeFiles/Makefile2:298ï¼šsrc/common/CMakeFiles/config_reader.dir/all] é”™è¯¯ 2
[3.059s] gmake: *** [Makefile:146ï¼šall] é”™è¯¯ 2
[3.061s] Invoked command in '/home/zhangxin/planning_with_ROS2_course/build/planning' returned '2': CMAKE_PREFIX_PATH=/home/zhangxin/planning_with_ROS2_course/install/base_msgs:/home/zhangxin/planning_with_ROS2_course/install/planning:/home/zhangxin/planning_with_ROS2_course/install/data_plot:/opt/ros/humble /usr/local/bin/cmake --build /home/zhangxin/planning_with_ROS2_course/build/planning -- -j16 -l16
