[01m[K/home/zhangxin/planning_with_ROS2_course/src/planning/src/common/config_reader/config_reader.cpp:5:32:[m[K [01;31m[Kerror: [m[Kdefinition of â€˜[01m[K{anonymous}::ConfigReader::ConfigReader()[m[Kâ€™ is not in namespace enclosing â€˜[01m[K{anonymous}::ConfigReader[m[Kâ€™ [[01;31m[K]8;;https://gcc.gnu.org/onlinedocs/gcc/Warning-Options.html#index-fpermissive-fpermissive]8;;[m[K]
    5 |     ConfigReader::ConfigReader([01;31m[K)[m[K  // é…ç½®æ–‡ä»¶è¯»å–å™¨
      |                                [01;31m[K^[m[K
[01m[K/home/zhangxin/planning_with_ROS2_course/src/planning/src/common/config_reader/config_reader.cpp:5:5:[m[K [01;35m[Kwarning: [m[Kâ€˜[01m[K{anonymous}::ConfigReader::ConfigReader()[m[Kâ€™ defined but not used [[01;35m[K]8;;https://gcc.gnu.org/onlinedocs/gcc/Warning-Options.html#index-Wunused-function-Wunused-function]8;;[m[K]
    5 |     [01;35m[KConfigReader[m[K::ConfigReader()  // é…ç½®æ–‡ä»¶è¯»å–å™¨
      |     [01;35m[K^~~~~~~~~~~~[m[K
gmake[2]: *** [src/common/CMakeFiles/config_reader.dir/build.make:76ï¼šsrc/common/CMakeFiles/config_reader.dir/config_reader/config_reader.cpp.o] é”™è¯¯ 1
gmake[1]: *** [CMakeFiles/Makefile2:298ï¼šsrc/common/CMakeFiles/config_reader.dir/all] é”™è¯¯ 2
gmake: *** [Makefile:146ï¼šall] é”™è¯¯ 2
